<?xml version="1.0" encoding="UTF-8"?>
<!-- Generated by org.testng.reporters.JUnitReportReporter -->
<testsuite hostname="hp" name="org.testng.TestingNg" tests="5" failures="0" timestamp="4 Oct 2019 05:58:06 GMT" time="0.032" errors="0">
  <testcase name="Test2" time="0.005" classname="org.testng.TestingNg"/>
  <testcase name="Test5" time="0.005" classname="org.testng.TestingNg"/>
  <testcase name="Test1" time="0.017" classname="org.testng.TestingNg"/>
  <testcase name="Test4" time="0.003" classname="org.testng.TestingNg"/>
  <testcase name="Test3" time="0.002" classname="org.testng.TestingNg"/>
</testsuite> <!-- org.testng.TestingNg -->
