<?xml version="1.0" encoding="UTF-8"?>
<!-- Generated by org.testng.reporters.JUnitReportReporter -->
<testsuite hostname="hp" name="org.testng.Testing" tests="2" failures="0" timestamp="5 Oct 2019 03:58:04 GMT" time="0.040" errors="0">
  <testcase name="test2" time="0.020" classname="org.testng.Testing"/>
  <testcase name="test1" time="0.020" classname="org.testng.Testing"/>
</testsuite> <!-- org.testng.Testing -->
