<?xml version="1.0" encoding="UTF-8"?>
<!-- Generated by org.testng.reporters.JUnitReportReporter -->
<testsuite hostname="hp" name="db.com.Grubhub.Ttestng" tests="3" failures="0" timestamp="4 Oct 2019 05:45:46 GMT" time="0.032" errors="0">
  <testcase name="Test2" time="0.007" classname="db.com.Grubhub.Ttestng"/>
  <testcase name="Test1" time="0.016" classname="db.com.Grubhub.Ttestng"/>
  <testcase name="Test3" time="0.009" classname="db.com.Grubhub.Ttestng"/>
</testsuite> <!-- db.com.Grubhub.Ttestng -->
